==20355== Memcheck, a memory error detector
==20355== Copyright (C) 2002-2024, and GNU GPL'd, by Julian Seward et al.
==20355== Using Valgrind-3.24.0 and LibVEX; rerun with -h for copyright info
==20355== Command: ./bin/centipede
==20355== Parent PID: 20354
==20355== 
==20355== 
==20355== HEAP SUMMARY:
==20355==     in use at exit: 262,715 bytes in 3,641 blocks
==20355==   total heap usage: 58,567 allocs, 54,926 frees, 26,957,649 bytes allocated
==20355== 
==20355== LEAK SUMMARY:
==20355==    definitely lost: 0 bytes in 0 blocks
==20355==    indirectly lost: 0 bytes in 0 blocks
==20355==      possibly lost: 0 bytes in 0 blocks
==20355==    still reachable: 262,715 bytes in 3,641 blocks
==20355==         suppressed: 0 bytes in 0 blocks
==20355== Reachable blocks (those to which a pointer was found) are not shown.
==20355== To see them, rerun with: --leak-check=full --show-leak-kinds=all
==20355== 
==20355== For lists of detected and suppressed errors, rerun with: -s
==20355== ERROR SUMMARY: 0 errors from 0 contexts (suppressed: 0 from 0)
